running egg_info
creating build/indy7_ros2_description/indy7_ros2_description.egg-info
writing build/indy7_ros2_description/indy7_ros2_description.egg-info/PKG-INFO
writing dependency_links to build/indy7_ros2_description/indy7_ros2_description.egg-info/dependency_links.txt
writing entry points to build/indy7_ros2_description/indy7_ros2_description.egg-info/entry_points.txt
writing requirements to build/indy7_ros2_description/indy7_ros2_description.egg-info/requires.txt
writing top-level names to build/indy7_ros2_description/indy7_ros2_description.egg-info/top_level.txt
writing manifest file 'build/indy7_ros2_description/indy7_ros2_description.egg-info/SOURCES.txt'
reading manifest file 'build/indy7_ros2_description/indy7_ros2_description.egg-info/SOURCES.txt'
writing manifest file 'build/indy7_ros2_description/indy7_ros2_description.egg-info/SOURCES.txt'
running build
running build_py
creating /home/sung/ros2_humble/src/indy7_ros2_description/build/indy7_ros2_description/build
creating /home/sung/ros2_humble/src/indy7_ros2_description/build/indy7_ros2_description/build/lib
creating /home/sung/ros2_humble/src/indy7_ros2_description/build/indy7_ros2_description/build/lib/indy7_ros2_description
copying indy7_ros2_description/__init__.py -> /home/sung/ros2_humble/src/indy7_ros2_description/build/indy7_ros2_description/build/lib/indy7_ros2_description
copying indy7_ros2_description/state_publisher.py -> /home/sung/ros2_humble/src/indy7_ros2_description/build/indy7_ros2_description/build/lib/indy7_ros2_description
running install
/usr/lib/python3/dist-packages/setuptools/command/install.py:34: SetuptoolsDeprecationWarning: setup.py install is deprecated. Use build and pip and other standards-based tools.
  warnings.warn(
running install_lib
creating /home/sung/ros2_humble/src/indy7_ros2_description/install/indy7_ros2_description/lib/python3.10/site-packages/indy7_ros2_description
copying /home/sung/ros2_humble/src/indy7_ros2_description/build/indy7_ros2_description/build/lib/indy7_ros2_description/__init__.py -> /home/sung/ros2_humble/src/indy7_ros2_description/install/indy7_ros2_description/lib/python3.10/site-packages/indy7_ros2_description
copying /home/sung/ros2_humble/src/indy7_ros2_description/build/indy7_ros2_description/build/lib/indy7_ros2_description/state_publisher.py -> /home/sung/ros2_humble/src/indy7_ros2_description/install/indy7_ros2_description/lib/python3.10/site-packages/indy7_ros2_description
byte-compiling /home/sung/ros2_humble/src/indy7_ros2_description/install/indy7_ros2_description/lib/python3.10/site-packages/indy7_ros2_description/__init__.py to __init__.cpython-310.pyc
byte-compiling /home/sung/ros2_humble/src/indy7_ros2_description/install/indy7_ros2_description/lib/python3.10/site-packages/indy7_ros2_description/state_publisher.py to state_publisher.cpython-310.pyc
running install_data
creating /home/sung/ros2_humble/src/indy7_ros2_description/install/indy7_ros2_description/share/ament_index
creating /home/sung/ros2_humble/src/indy7_ros2_description/install/indy7_ros2_description/share/ament_index/resource_index
creating /home/sung/ros2_humble/src/indy7_ros2_description/install/indy7_ros2_description/share/ament_index/resource_index/packages
copying resource/indy7_ros2_description -> /home/sung/ros2_humble/src/indy7_ros2_description/install/indy7_ros2_description/share/ament_index/resource_index/packages
copying package.xml -> /home/sung/ros2_humble/src/indy7_ros2_description/install/indy7_ros2_description/share/indy7_ros2_description
copying launch/indy7.launch.py -> /home/sung/ros2_humble/src/indy7_ros2_description/install/indy7_ros2_description/share/indy7_ros2_description
copying urdf/indy7.urdf.xml -> /home/sung/ros2_humble/src/indy7_ros2_description/install/indy7_ros2_description/share/indy7_ros2_description
copying urdf/indy7.rviz -> /home/sung/ros2_humble/src/indy7_ros2_description/install/indy7_ros2_description/share/indy7_ros2_description
creating /home/sung/ros2_humble/src/indy7_ros2_description/install/indy7_ros2_description/share/indy7_ros2_description/meshes
creating /home/sung/ros2_humble/src/indy7_ros2_description/install/indy7_ros2_description/share/indy7_ros2_description/meshes/visual
copying meshes/visual/Indy7_5.stl -> /home/sung/ros2_humble/src/indy7_ros2_description/install/indy7_ros2_description/share/indy7_ros2_description/meshes/visual/
copying meshes/visual/Indy7_6.stl -> /home/sung/ros2_humble/src/indy7_ros2_description/install/indy7_ros2_description/share/indy7_ros2_description/meshes/visual/
copying meshes/visual/neck1.stl -> /home/sung/ros2_humble/src/indy7_ros2_description/install/indy7_ros2_description/share/indy7_ros2_description/meshes/visual/
copying meshes/visual/neck.stl -> /home/sung/ros2_humble/src/indy7_ros2_description/install/indy7_ros2_description/share/indy7_ros2_description/meshes/visual/
copying meshes/visual/body.stl -> /home/sung/ros2_humble/src/indy7_ros2_description/install/indy7_ros2_description/share/indy7_ros2_description/meshes/visual/
copying meshes/visual/Indy7_1.stl -> /home/sung/ros2_humble/src/indy7_ros2_description/install/indy7_ros2_description/share/indy7_ros2_description/meshes/visual/
copying meshes/visual/Indy7_2.stl -> /home/sung/ros2_humble/src/indy7_ros2_description/install/indy7_ros2_description/share/indy7_ros2_description/meshes/visual/
copying meshes/visual/Indy7_4.stl -> /home/sung/ros2_humble/src/indy7_ros2_description/install/indy7_ros2_description/share/indy7_ros2_description/meshes/visual/
copying meshes/visual/Indy7_3.stl -> /home/sung/ros2_humble/src/indy7_ros2_description/install/indy7_ros2_description/share/indy7_ros2_description/meshes/visual/
copying meshes/visual/Indy7_0.stl -> /home/sung/ros2_humble/src/indy7_ros2_description/install/indy7_ros2_description/share/indy7_ros2_description/meshes/visual/
copying meshes/visual/table.stl -> /home/sung/ros2_humble/src/indy7_ros2_description/install/indy7_ros2_description/share/indy7_ros2_description/meshes/visual/
running install_egg_info
Copying build/indy7_ros2_description/indy7_ros2_description.egg-info to /home/sung/ros2_humble/src/indy7_ros2_description/install/indy7_ros2_description/lib/python3.10/site-packages/indy7_ros2_description-0.0.0-py3.10.egg-info
running install_scripts
Installing state_publisher script to /home/sung/ros2_humble/src/indy7_ros2_description/install/indy7_ros2_description/lib/indy7_ros2_description
writing list of installed files to '/home/sung/ros2_humble/src/indy7_ros2_description/build/indy7_ros2_description/install.log'
