/home/sung/ros2_humble/src/indy7_ros2_description/install/indy7_ros2_description/lib/python3.10/site-packages/indy7_ros2_description/__init__.py
/home/sung/ros2_humble/src/indy7_ros2_description/install/indy7_ros2_description/lib/python3.10/site-packages/indy7_ros2_description/state_publisher.py
/home/sung/ros2_humble/src/indy7_ros2_description/install/indy7_ros2_description/lib/python3.10/site-packages/indy7_ros2_description/__pycache__/__init__.cpython-310.pyc
/home/sung/ros2_humble/src/indy7_ros2_description/install/indy7_ros2_description/lib/python3.10/site-packages/indy7_ros2_description/__pycache__/state_publisher.cpython-310.pyc
/home/sung/ros2_humble/src/indy7_ros2_description/install/indy7_ros2_description/share/ament_index/resource_index/packages/indy7_ros2_description
/home/sung/ros2_humble/src/indy7_ros2_description/install/indy7_ros2_description/share/indy7_ros2_description/package.xml
/home/sung/ros2_humble/src/indy7_ros2_description/install/indy7_ros2_description/share/indy7_ros2_description/indy7.launch.py
/home/sung/ros2_humble/src/indy7_ros2_description/install/indy7_ros2_description/share/indy7_ros2_description/indy7.urdf.xml
/home/sung/ros2_humble/src/indy7_ros2_description/install/indy7_ros2_description/share/indy7_ros2_description/indy7.rviz
/home/sung/ros2_humble/src/indy7_ros2_description/install/indy7_ros2_description/share/indy7_ros2_description/meshes/visual/Indy7_5.stl
/home/sung/ros2_humble/src/indy7_ros2_description/install/indy7_ros2_description/share/indy7_ros2_description/meshes/visual/Indy7_6.stl
/home/sung/ros2_humble/src/indy7_ros2_description/install/indy7_ros2_description/share/indy7_ros2_description/meshes/visual/neck1.stl
/home/sung/ros2_humble/src/indy7_ros2_description/install/indy7_ros2_description/share/indy7_ros2_description/meshes/visual/neck.stl
/home/sung/ros2_humble/src/indy7_ros2_description/install/indy7_ros2_description/share/indy7_ros2_description/meshes/visual/body.stl
/home/sung/ros2_humble/src/indy7_ros2_description/install/indy7_ros2_description/share/indy7_ros2_description/meshes/visual/Indy7_1.stl
/home/sung/ros2_humble/src/indy7_ros2_description/install/indy7_ros2_description/share/indy7_ros2_description/meshes/visual/Indy7_2.stl
/home/sung/ros2_humble/src/indy7_ros2_description/install/indy7_ros2_description/share/indy7_ros2_description/meshes/visual/Indy7_4.stl
/home/sung/ros2_humble/src/indy7_ros2_description/install/indy7_ros2_description/share/indy7_ros2_description/meshes/visual/Indy7_3.stl
/home/sung/ros2_humble/src/indy7_ros2_description/install/indy7_ros2_description/share/indy7_ros2_description/meshes/visual/Indy7_0.stl
/home/sung/ros2_humble/src/indy7_ros2_description/install/indy7_ros2_description/share/indy7_ros2_description/meshes/visual/table.stl
/home/sung/ros2_humble/src/indy7_ros2_description/install/indy7_ros2_description/lib/python3.10/site-packages/indy7_ros2_description-0.0.0-py3.10.egg-info/entry_points.txt
/home/sung/ros2_humble/src/indy7_ros2_description/install/indy7_ros2_description/lib/python3.10/site-packages/indy7_ros2_description-0.0.0-py3.10.egg-info/dependency_links.txt
/home/sung/ros2_humble/src/indy7_ros2_description/install/indy7_ros2_description/lib/python3.10/site-packages/indy7_ros2_description-0.0.0-py3.10.egg-info/SOURCES.txt
/home/sung/ros2_humble/src/indy7_ros2_description/install/indy7_ros2_description/lib/python3.10/site-packages/indy7_ros2_description-0.0.0-py3.10.egg-info/requires.txt
/home/sung/ros2_humble/src/indy7_ros2_description/install/indy7_ros2_description/lib/python3.10/site-packages/indy7_ros2_description-0.0.0-py3.10.egg-info/PKG-INFO
/home/sung/ros2_humble/src/indy7_ros2_description/install/indy7_ros2_description/lib/python3.10/site-packages/indy7_ros2_description-0.0.0-py3.10.egg-info/top_level.txt
/home/sung/ros2_humble/src/indy7_ros2_description/install/indy7_ros2_description/lib/python3.10/site-packages/indy7_ros2_description-0.0.0-py3.10.egg-info/zip-safe
/home/sung/ros2_humble/src/indy7_ros2_description/install/indy7_ros2_description/lib/indy7_ros2_description/state_publisher
